<?xml version="1.0" encoding="UTF-8"?>
<!-- Generated by org.testng.reporters.JUnitReportReporter -->
<testsuite hostname="LFR015654" name="Test.NewTest_ZAP" tests="3" failures="0" timestamp="16 Aug 2016 13:35:28 GMT" time="22.630" errors="0">
  <testcase name="generationReport" time="6.538" classname="Test.NewTest_ZAP"/>
  <testcase name="lancementSelenium" time="16.083" classname="Test.NewTest_ZAP"/>
  <testcase name="demarrageZap" time="0.009" classname="Test.NewTest_ZAP"/>
</testsuite> <!-- Test.NewTest_ZAP -->
